2024-03-11 19:50:40,762 [myid:] - INFO  [main:o.a.z.s.q.QuorumPeerConfig@177] - Reading configuration from: D:\Banking\Zookeeper\conf\zoo.cfg
2024-03-11 19:50:40,767 [myid:] - WARN  [main:o.a.z.s.u.VerifyingFileFactory@65] - varlibzookeeper is relative. Prepend .\ to indicate that you're sure!
2024-03-11 19:50:40,768 [myid:] - INFO  [main:o.a.z.s.q.QuorumPeerConfig@440] - clientPortAddress is 0.0.0.0:2181
2024-03-11 19:50:40,770 [myid:] - INFO  [main:o.a.z.s.q.QuorumPeerConfig@444] - secureClientPort is not set
2024-03-11 19:50:40,770 [myid:] - INFO  [main:o.a.z.s.q.QuorumPeerConfig@460] - observerMasterPort is not set
2024-03-11 19:50:40,770 [myid:] - INFO  [main:o.a.z.s.q.QuorumPeerConfig@477] - metricsProvider.className is org.apache.zookeeper.metrics.impl.DefaultMetricsProvider
2024-03-11 19:50:40,772 [myid:] - INFO  [main:o.a.z.s.DatadirCleanupManager@78] - autopurge.snapRetainCount set to 3
2024-03-11 19:50:40,772 [myid:] - INFO  [main:o.a.z.s.DatadirCleanupManager@79] - autopurge.purgeInterval set to 0
2024-03-11 19:50:40,772 [myid:] - INFO  [main:o.a.z.s.DatadirCleanupManager@101] - Purge task is not scheduled.
2024-03-11 19:50:40,773 [myid:] - WARN  [main:o.a.z.s.q.QuorumPeerMain@139] - Either no config or no quorum defined in config, running in standalone mode
2024-03-11 19:50:40,774 [myid:] - INFO  [main:o.a.z.j.ManagedUtil@46] - Log4j 1.2 jmx support not found; jmx disabled.
2024-03-11 19:50:40,774 [myid:] - INFO  [main:o.a.z.s.q.QuorumPeerConfig@177] - Reading configuration from: D:\Banking\Zookeeper\conf\zoo.cfg
2024-03-11 19:50:40,775 [myid:] - WARN  [main:o.a.z.s.u.VerifyingFileFactory@65] - varlibzookeeper is relative. Prepend .\ to indicate that you're sure!
2024-03-11 19:50:40,775 [myid:] - INFO  [main:o.a.z.s.q.QuorumPeerConfig@440] - clientPortAddress is 0.0.0.0:2181
2024-03-11 19:50:40,775 [myid:] - INFO  [main:o.a.z.s.q.QuorumPeerConfig@444] - secureClientPort is not set
2024-03-11 19:50:40,775 [myid:] - INFO  [main:o.a.z.s.q.QuorumPeerConfig@460] - observerMasterPort is not set
2024-03-11 19:50:40,775 [myid:] - INFO  [main:o.a.z.s.q.QuorumPeerConfig@477] - metricsProvider.className is org.apache.zookeeper.metrics.impl.DefaultMetricsProvider
2024-03-11 19:50:40,775 [myid:] - INFO  [main:o.a.z.s.ZooKeeperServerMain@123] - Starting server
2024-03-11 19:50:40,783 [myid:] - INFO  [main:o.a.z.s.ServerMetrics@64] - ServerMetrics initialized with provider org.apache.zookeeper.metrics.impl.DefaultMetricsProvider@544fa968
2024-03-11 19:50:40,785 [myid:] - INFO  [main:o.a.z.s.a.DigestAuthenticationProvider@47] - ACL digest algorithm is: SHA1
2024-03-11 19:50:40,785 [myid:] - INFO  [main:o.a.z.s.a.DigestAuthenticationProvider@61] - zookeeper.DigestAuthenticationProvider.enabled = true
2024-03-11 19:50:40,787 [myid:] - INFO  [main:o.a.z.s.p.FileTxnSnapLog@124] - zookeeper.snapshot.trust.empty : false
2024-03-11 19:50:40,793 [myid:] - INFO  [main:o.a.z.ZookeeperBanner@42] - 
2024-03-11 19:50:40,793 [myid:] - INFO  [main:o.a.z.ZookeeperBanner@42] -   ______                  _                                          
2024-03-11 19:50:40,793 [myid:] - INFO  [main:o.a.z.ZookeeperBanner@42] -  |___  /                 | |                                         
2024-03-11 19:50:40,793 [myid:] - INFO  [main:o.a.z.ZookeeperBanner@42] -     / /    ___     ___   | | __   ___    ___   _ __     ___   _ __   
2024-03-11 19:50:40,793 [myid:] - INFO  [main:o.a.z.ZookeeperBanner@42] -    / /    / _ \   / _ \  | |/ /  / _ \  / _ \ | '_ \   / _ \ | '__|
2024-03-11 19:50:40,793 [myid:] - INFO  [main:o.a.z.ZookeeperBanner@42] -   / /__  | (_) | | (_) | |   <  |  __/ |  __/ | |_) | |  __/ | |    
2024-03-11 19:50:40,793 [myid:] - INFO  [main:o.a.z.ZookeeperBanner@42] -  /_____|  \___/   \___/  |_|\_\  \___|  \___| | .__/   \___| |_|
2024-03-11 19:50:40,793 [myid:] - INFO  [main:o.a.z.ZookeeperBanner@42] -                                               | |                     
2024-03-11 19:50:40,793 [myid:] - INFO  [main:o.a.z.ZookeeperBanner@42] -                                               |_|                     
2024-03-11 19:50:40,793 [myid:] - INFO  [main:o.a.z.ZookeeperBanner@42] - 
2024-03-11 19:50:40,795 [myid:] - INFO  [main:o.a.z.Environment@98] - Server environment:zookeeper.version=3.8.4-9316c2a7a97e1666d8f4593f34dd6fc36ecc436c, built on 2024-02-12 22:16 UTC
2024-03-11 19:50:40,795 [myid:] - INFO  [main:o.a.z.Environment@98] - Server environment:host.name=host.docker.internal
2024-03-11 19:50:40,795 [myid:] - INFO  [main:o.a.z.Environment@98] - Server environment:java.version=21.0.2
2024-03-11 19:50:40,795 [myid:] - INFO  [main:o.a.z.Environment@98] - Server environment:java.vendor=Oracle Corporation
2024-03-11 19:50:40,795 [myid:] - INFO  [main:o.a.z.Environment@98] - Server environment:java.home=C:\Program Files\Java\jdk-21
2024-03-11 19:50:40,795 [myid:] - INFO  [main:o.a.z.Environment@98] - Server environment:java.class.path=D:\Banking\Zookeeper\zookeeper-server\target\classes;D:\Banking\Zookeeper\build\classes;D:\Banking\Zookeeper\zookeeper-server\target\lib\*.jar;D:\Banking\Zookeeper\build\lib\*.jar;D:\Banking\Zookeeper\lib\zookeeper-prometheus-metrics-3.8.4.jar;D:\Banking\Zookeeper\lib\zookeeper-jute-3.8.4.jar;D:\Banking\Zookeeper\lib\zookeeper-3.8.4.jar;D:\Banking\Zookeeper\lib\snappy-java-1.1.10.5.jar;D:\Banking\Zookeeper\lib\slf4j-api-1.7.30.jar;D:\Banking\Zookeeper\lib\simpleclient_servlet-0.9.0.jar;D:\Banking\Zookeeper\lib\simpleclient_hotspot-0.9.0.jar;D:\Banking\Zookeeper\lib\simpleclient_common-0.9.0.jar;D:\Banking\Zookeeper\lib\simpleclient-0.9.0.jar;D:\Banking\Zookeeper\lib\netty-transport-native-unix-common-4.1.105.Final.jar;D:\Banking\Zookeeper\lib\netty-transport-native-epoll-4.1.105.Final.jar;D:\Banking\Zookeeper\lib\netty-transport-classes-epoll-4.1.105.Final.jar;D:\Banking\Zookeeper\lib\netty-transport-4.1.105.Final.jar;D:\Banking\Zookeeper\lib\netty-resolver-4.1.105.Final.jar;D:\Banking\Zookeeper\lib\netty-handler-4.1.105.Final.jar;D:\Banking\Zookeeper\lib\netty-common-4.1.105.Final.jar;D:\Banking\Zookeeper\lib\netty-codec-4.1.105.Final.jar;D:\Banking\Zookeeper\lib\netty-buffer-4.1.105.Final.jar;D:\Banking\Zookeeper\lib\metrics-core-4.1.12.1.jar;D:\Banking\Zookeeper\lib\logback-core-1.2.13.jar;D:\Banking\Zookeeper\lib\logback-classic-1.2.13.jar;D:\Banking\Zookeeper\lib\jline-2.14.6.jar;D:\Banking\Zookeeper\lib\jetty-util-ajax-9.4.53.v20231009.jar;D:\Banking\Zookeeper\lib\jetty-util-9.4.53.v20231009.jar;D:\Banking\Zookeeper\lib\jetty-servlet-9.4.53.v20231009.jar;D:\Banking\Zookeeper\lib\jetty-server-9.4.53.v20231009.jar;D:\Banking\Zookeeper\lib\jetty-security-9.4.53.v20231009.jar;D:\Banking\Zookeeper\lib\jetty-io-9.4.53.v20231009.jar;D:\Banking\Zookeeper\lib\jetty-http-9.4.53.v20231009.jar;D:\Banking\Zookeeper\lib\javax.servlet-api-3.1.0.jar;D:\Banking\Zookeeper\lib\jackson-databind-2.15.2.jar;D:\Banking\Zookeeper\lib\jackson-core-2.15.2.jar;D:\Banking\Zookeeper\lib\jackson-annotations-2.15.2.jar;D:\Banking\Zookeeper\lib\commons-io-2.11.0.jar;D:\Banking\Zookeeper\lib\commons-cli-1.5.0.jar;D:\Banking\Zookeeper\lib\audience-annotations-0.12.0.jar;D:\Banking\Zookeeper\zookeeper-*.jar;D:\Banking\Zookeeper\zookeeper-server\src\main\resources\lib\*.jar;D:\Banking\Zookeeper\conf;.
2024-03-11 19:50:40,795 [myid:] - INFO  [main:o.a.z.Environment@98] - Server environment:java.library.path=C:\Program Files\Java\jdk-21\bin;C:\Windows\Sun\Java\bin;C:\Windows\system32;C:\Windows;C:\Users\DELL\bin;C:\Program Files\Git\mingw64\bin;C:\Program Files\Git\usr\local\bin;C:\Program Files\Git\usr\bin;C:\Program Files\Git\usr\bin;C:\Program Files\Git\mingw64\bin;C:\Program Files\Git\usr\bin;C:\Users\DELL\bin;C:\Program Files\Common Files\Oracle\Java\javapath;C:\Windows\system32;C:\Windows;C:\Windows\System32\Wbem;C:\Windows\System32\WindowsPowerShell\v1.0;C:\Windows\System32\OpenSSH;C:\Program Files\Git\cmd;C:\Program Files\Docker\Docker\resources\bin;C:\maven\apache-maven-3.8.8\bin;C:\Program Files\Java\jdk-21\bin;C:\Program Files (x86)\Microsoft SQL Server\160\Tools\Binn;C:\Program Files\Microsoft SQL Server\160\Tools\Binn;C:\Program Files\Microsoft SQL Server\Client SDK\ODBC\170\Tools\Binn;C:\Program Files\Microsoft SQL Server\160\DTS\Binn;C:\Program Files (x86)\Microsoft SQL Server\160\DTS\Binn;C:\Program Files\Azure Data Studio\bin;%ZOOKEEPER_HOME%\bin;C:\Users\DELL\AppData\Local\Microsoft\WindowsApps;C:\Users\DELL\AppData\Local\Programs\Microsoft VS Code\bin;C:\Program Files\JetBrains\IntelliJ IDEA 2023.2.2\bin;C:\Program Files\Azure Data Studio\bin;C:\Program Files\Git\usr\bin\vendor_perl;C:\Program Files\Git\usr\bin\core_perl;.
2024-03-11 19:50:40,795 [myid:] - INFO  [main:o.a.z.Environment@98] - Server environment:java.io.tmpdir=C:\Users\DELL\AppData\Local\Temp\
2024-03-11 19:50:40,796 [myid:] - INFO  [main:o.a.z.Environment@98] - Server environment:java.compiler=<NA>
2024-03-11 19:50:40,796 [myid:] - INFO  [main:o.a.z.Environment@98] - Server environment:os.name=Windows 11
2024-03-11 19:50:40,796 [myid:] - INFO  [main:o.a.z.Environment@98] - Server environment:os.arch=amd64
2024-03-11 19:50:40,796 [myid:] - INFO  [main:o.a.z.Environment@98] - Server environment:os.version=10.0
2024-03-11 19:50:40,796 [myid:] - INFO  [main:o.a.z.Environment@98] - Server environment:user.name=DELL
2024-03-11 19:50:40,796 [myid:] - INFO  [main:o.a.z.Environment@98] - Server environment:user.home=C:\Users\DELL
2024-03-11 19:50:40,796 [myid:] - INFO  [main:o.a.z.Environment@98] - Server environment:user.dir=D:\Banking\Zookeeper\bin
2024-03-11 19:50:40,796 [myid:] - INFO  [main:o.a.z.Environment@98] - Server environment:os.memory.free=105MB
2024-03-11 19:50:40,796 [myid:] - INFO  [main:o.a.z.Environment@98] - Server environment:os.memory.max=1000MB
2024-03-11 19:50:40,796 [myid:] - INFO  [main:o.a.z.Environment@98] - Server environment:os.memory.total=124MB
2024-03-11 19:50:40,796 [myid:] - INFO  [main:o.a.z.s.ZooKeeperServer@140] - zookeeper.enableEagerACLCheck = false
2024-03-11 19:50:40,796 [myid:] - INFO  [main:o.a.z.s.ZooKeeperServer@153] - zookeeper.digest.enabled = true
2024-03-11 19:50:40,796 [myid:] - INFO  [main:o.a.z.s.ZooKeeperServer@157] - zookeeper.closeSessionTxn.enabled = true
2024-03-11 19:50:40,796 [myid:] - INFO  [main:o.a.z.s.ZooKeeperServer@1510] - zookeeper.flushDelay = 0 ms
2024-03-11 19:50:40,796 [myid:] - INFO  [main:o.a.z.s.ZooKeeperServer@1519] - zookeeper.maxWriteQueuePollTime = 0 ms
2024-03-11 19:50:40,796 [myid:] - INFO  [main:o.a.z.s.ZooKeeperServer@1528] - zookeeper.maxBatchSize=1000
2024-03-11 19:50:40,797 [myid:] - INFO  [main:o.a.z.s.ZooKeeperServer@275] - zookeeper.intBufferStartingSizeBytes = 1024
2024-03-11 19:50:40,797 [myid:] - INFO  [main:o.a.z.s.BlueThrottle@141] - Weighed connection throttling is disabled
2024-03-11 19:50:40,798 [myid:] - INFO  [main:o.a.z.s.ZooKeeperServer@1311] - minSessionTimeout set to 4000 ms
2024-03-11 19:50:40,799 [myid:] - INFO  [main:o.a.z.s.ZooKeeperServer@1320] - maxSessionTimeout set to 40000 ms
2024-03-11 19:50:40,799 [myid:] - INFO  [main:o.a.z.s.ResponseCache@45] - getData response cache size is initialized with value 400.
2024-03-11 19:50:40,799 [myid:] - INFO  [main:o.a.z.s.ResponseCache@45] - getChildren response cache size is initialized with value 400.
2024-03-11 19:50:40,800 [myid:] - INFO  [main:o.a.z.s.u.RequestPathMetricsCollector@109] - zookeeper.pathStats.slotCapacity = 60
2024-03-11 19:50:40,800 [myid:] - INFO  [main:o.a.z.s.u.RequestPathMetricsCollector@110] - zookeeper.pathStats.slotDuration = 15
2024-03-11 19:50:40,800 [myid:] - INFO  [main:o.a.z.s.u.RequestPathMetricsCollector@111] - zookeeper.pathStats.maxDepth = 6
2024-03-11 19:50:40,800 [myid:] - INFO  [main:o.a.z.s.u.RequestPathMetricsCollector@112] - zookeeper.pathStats.initialDelay = 5
2024-03-11 19:50:40,800 [myid:] - INFO  [main:o.a.z.s.u.RequestPathMetricsCollector@113] - zookeeper.pathStats.delay = 5
2024-03-11 19:50:40,800 [myid:] - INFO  [main:o.a.z.s.u.RequestPathMetricsCollector@114] - zookeeper.pathStats.enabled = false
2024-03-11 19:50:40,802 [myid:] - INFO  [main:o.a.z.s.ZooKeeperServer@1547] - The max bytes for all large requests are set to 104857600
2024-03-11 19:50:40,802 [myid:] - INFO  [main:o.a.z.s.ZooKeeperServer@1561] - The large request threshold is set to -1
2024-03-11 19:50:40,802 [myid:] - INFO  [main:o.a.z.s.AuthenticationHelper@66] - zookeeper.enforce.auth.enabled = false
2024-03-11 19:50:40,802 [myid:] - INFO  [main:o.a.z.s.AuthenticationHelper@67] - zookeeper.enforce.auth.schemes = []
2024-03-11 19:50:40,802 [myid:] - INFO  [main:o.a.z.s.ZooKeeperServer@376] - Created server with tickTime 2000 ms minSessionTimeout 4000 ms maxSessionTimeout 40000 ms clientPortListenBacklog -1 datadir varlibzookeeper\version-2 snapdir varlibzookeeper\version-2
2024-03-11 19:50:40,826 [myid:] - INFO  [main:o.e.j.u.l.Log@170] - Logging initialized @483ms to org.eclipse.jetty.util.log.Slf4jLog
2024-03-11 19:50:40,889 [myid:] - WARN  [main:o.e.j.s.h.ContextHandler@1662] - o.e.j.s.ServletContextHandler@3a7442c7{/,null,STOPPED} contextPath ends with /*
2024-03-11 19:50:40,890 [myid:] - WARN  [main:o.e.j.s.h.ContextHandler@1673] - Empty contextPath
2024-03-11 19:50:40,901 [myid:] - INFO  [main:o.e.j.s.Server@375] - jetty-9.4.53.v20231009; built: 2023-10-09T12:29:09.265Z; git: 27bde00a0b95a1d5bbee0eae7984f891d2d0f8c9; jvm 21.0.2+13-LTS-58
2024-03-11 19:50:40,920 [myid:] - INFO  [main:o.e.j.s.s.DefaultSessionIdManager@334] - DefaultSessionIdManager workerName=node0
2024-03-11 19:50:40,921 [myid:] - INFO  [main:o.e.j.s.s.DefaultSessionIdManager@339] - No SessionScavenger set, using defaults
2024-03-11 19:50:40,922 [myid:] - INFO  [main:o.e.j.s.s.HouseKeeper@132] - node0 Scavenging every 600000ms
2024-03-11 19:50:40,924 [myid:] - WARN  [main:o.e.j.s.ConstraintSecurityHandler@759] - ServletContext@o.e.j.s.ServletContextHandler@3a7442c7{/,null,STARTING} has uncovered http methods for path: /*
2024-03-11 19:50:40,930 [myid:] - INFO  [main:o.e.j.s.h.ContextHandler@921] - Started o.e.j.s.ServletContextHandler@3a7442c7{/,null,AVAILABLE}
2024-03-11 19:50:40,967 [myid:] - INFO  [main:o.e.j.s.AbstractConnector@333] - Started ServerConnector@659499f1{HTTP/1.1, (http/1.1)}{0.0.0.0:8080}
2024-03-11 19:50:40,968 [myid:] - INFO  [main:o.e.j.s.Server@415] - Started @625ms
2024-03-11 19:50:40,968 [myid:] - INFO  [main:o.a.z.s.a.JettyAdminServer@196] - Started AdminServer on address 0.0.0.0, port 8080 and command URL /commands
2024-03-11 19:50:40,972 [myid:] - INFO  [main:o.a.z.s.ServerCnxnFactory@169] - Using org.apache.zookeeper.server.NIOServerCnxnFactory as server connection factory
2024-03-11 19:50:40,972 [myid:] - WARN  [main:o.a.z.s.ServerCnxnFactory@309] - maxCnxns is not configured, using default value 0.
2024-03-11 19:50:40,973 [myid:] - INFO  [main:o.a.z.s.NIOServerCnxnFactory@652] - Configuring NIO connection handler with 10s sessionless connection timeout, 2 selector thread(s), 24 worker threads, and 64 kB direct buffers.
2024-03-11 19:50:40,976 [myid:] - INFO  [main:o.a.z.s.NIOServerCnxnFactory@660] - binding to port 0.0.0.0/0.0.0.0:2181
2024-03-11 19:50:40,985 [myid:] - INFO  [main:o.a.z.s.w.WatchManagerFactory@42] - Using org.apache.zookeeper.server.watch.WatchManager as watch manager
2024-03-11 19:50:40,985 [myid:] - INFO  [main:o.a.z.s.w.WatchManagerFactory@42] - Using org.apache.zookeeper.server.watch.WatchManager as watch manager
2024-03-11 19:50:40,985 [myid:] - INFO  [main:o.a.z.s.ZKDatabase@132] - zookeeper.snapshotSizeFactor = 0.33
2024-03-11 19:50:40,985 [myid:] - INFO  [main:o.a.z.s.ZKDatabase@152] - zookeeper.commitLogCount=500
2024-03-11 19:50:40,986 [myid:] - INFO  [main:o.a.z.s.p.SnapStream@61] - zookeeper.snapshot.compression.method = CHECKED
2024-03-11 19:50:40,987 [myid:] - INFO  [main:o.a.z.s.p.FileSnap@85] - Reading snapshot varlibzookeeper\version-2\snapshot.0
2024-03-11 19:50:40,990 [myid:] - INFO  [main:o.a.z.s.DataTree@1724] - The digest value is empty in snapshot
2024-03-11 19:50:41,019 [myid:] - INFO  [main:o.a.z.a.ZKAuditProvider@42] - ZooKeeper audit is disabled.
2024-03-11 19:50:41,024 [myid:] - INFO  [main:o.a.z.s.p.FileTxnSnapLog@372] - 518 txns loaded in 32 ms
2024-03-11 19:50:41,024 [myid:] - INFO  [main:o.a.z.s.ZKDatabase@289] - Snapshot loaded in 40 ms, highest zxid is 0x206, digest is 2236659595
2024-03-11 19:50:41,026 [myid:] - INFO  [main:o.a.z.s.p.FileTxnSnapLog@479] - Snapshotting: 0x206 to varlibzookeeper\version-2\snapshot.206
2024-03-11 19:50:41,027 [myid:] - INFO  [main:o.a.z.s.ZooKeeperServer@558] - Snapshot taken in 1 ms
2024-03-11 19:50:41,031 [myid:] - INFO  [ProcessThread(sid:0 cport:2181)::o.a.z.s.PrepRequestProcessor@138] - PrepRequestProcessor (sid:0) started, reconfigEnabled=false
2024-03-11 19:50:41,031 [myid:] - INFO  [main:o.a.z.s.RequestThrottler@75] - zookeeper.request_throttler.shutdownTimeout = 10000 ms
2024-03-11 19:50:41,046 [myid:] - INFO  [main:o.a.z.s.ContainerManager@84] - Using checkIntervalMs=60000 maxPerMinute=10000 maxNeverUsedIntervalMs=0
2024-03-11 19:50:41,963 [myid:] - INFO  [SyncThread:0:o.a.z.s.p.FileTxnLog@285] - Creating new log file: log.207
2024-03-11 19:58:41,059 [myid:] - INFO  [ContainerManagerTask:o.a.z.s.ContainerManager@135] - Attempting to delete candidate container: /services/application
2024-03-11 19:59:41,046 [myid:] - INFO  [ContainerManagerTask:o.a.z.s.ContainerManager@135] - Attempting to delete candidate container: /services/application
2024-03-11 20:00:10,938 [myid:] - WARN  [NIOWorkerThread-17:o.a.z.s.NIOServerCnxn@391] - Close of session 0x100100df8d20006
java.net.SocketException: Connection reset
	at java.base/sun.nio.ch.SocketChannelImpl.throwConnectionReset(SocketChannelImpl.java:401)
	at java.base/sun.nio.ch.SocketChannelImpl.read(SocketChannelImpl.java:434)
	at org.apache.zookeeper.server.NIOServerCnxn.doIO(NIOServerCnxn.java:334)
	at org.apache.zookeeper.server.NIOServerCnxnFactory$IOWorkRequest.doWork(NIOServerCnxnFactory.java:508)
	at org.apache.zookeeper.server.WorkerService$ScheduledWorkRequest.run(WorkerService.java:153)
	at java.base/java.util.concurrent.ThreadPoolExecutor.runWorker(ThreadPoolExecutor.java:1144)
	at java.base/java.util.concurrent.ThreadPoolExecutor$Worker.run(ThreadPoolExecutor.java:642)
	at java.base/java.lang.Thread.run(Thread.java:1583)
2024-03-11 20:00:41,047 [myid:] - INFO  [ContainerManagerTask:o.a.z.s.ContainerManager@135] - Attempting to delete candidate container: /services/application
2024-03-11 20:00:49,910 [myid:] - INFO  [SessionTracker:o.a.z.s.ZooKeeperServer@643] - Expiring session 0x100100df8d20006, timeout of 40000ms exceeded
2024-03-11 20:01:41,047 [myid:] - INFO  [ContainerManagerTask:o.a.z.s.ContainerManager@135] - Attempting to delete candidate container: /services
